{"/Users/fsdevlondon/LeanJS/reactjs-fundamentals/src/actions/user.js": {"path":"/Users/fsdevlondon/LeanJS/reactjs-fundamentals/src/actions/user.js","statementMap":{"0":{"start":{"line":1,"column":28},"end":{"line":1,"column":42}},"1":{"start":{"line":4,"column":27},"end":{"line":7,"column":2}},"2":{"start":{"line":4,"column":36},"end":{"line":7,"column":1}}},"fnMap":{"0":{"name":"(anonymous_0)","decl":{"start":{"line":4,"column":27},"end":{"line":4,"column":28}},"loc":{"start":{"line":4,"column":36},"end":{"line":7,"column":1}},"line":4}},"branchMap":{},"s":{"0":3,"1":3,"2":9},"f":{"0":9},"b":{},"_coverageSchema":"332fd63041d2c1bcb487cc26dd0d5f7d97098a6c","hash":"3b1cc2df11b78e6264c86309ac047732080932fa"}
,"/Users/fsdevlondon/LeanJS/reactjs-fundamentals/src/actions/users.js": {"path":"/Users/fsdevlondon/LeanJS/reactjs-fundamentals/src/actions/users.js","statementMap":{"0":{"start":{"line":1,"column":29},"end":{"line":1,"column":44}},"1":{"start":{"line":3,"column":28},"end":{"line":6,"column":2}},"2":{"start":{"line":3,"column":38},"end":{"line":6,"column":1}}},"fnMap":{"0":{"name":"(anonymous_0)","decl":{"start":{"line":3,"column":28},"end":{"line":3,"column":29}},"loc":{"start":{"line":3,"column":38},"end":{"line":6,"column":1}},"line":3}},"branchMap":{},"s":{"0":3,"1":3,"2":2},"f":{"0":2},"b":{},"_coverageSchema":"332fd63041d2c1bcb487cc26dd0d5f7d97098a6c","hash":"85cbb34b04dfc01a83f1759e4442ab51d76cb0c2"}
,"/Users/fsdevlondon/LeanJS/reactjs-fundamentals/src/actions/workshop.js": {"path":"/Users/fsdevlondon/LeanJS/reactjs-fundamentals/src/actions/workshop.js","statementMap":{"0":{"start":{"line":1,"column":32},"end":{"line":1,"column":50}},"1":{"start":{"line":4,"column":31},"end":{"line":7,"column":2}},"2":{"start":{"line":4,"column":44},"end":{"line":7,"column":1}}},"fnMap":{"0":{"name":"(anonymous_0)","decl":{"start":{"line":4,"column":31},"end":{"line":4,"column":32}},"loc":{"start":{"line":4,"column":44},"end":{"line":7,"column":1}},"line":4}},"branchMap":{},"s":{"0":3,"1":3,"2":2},"f":{"0":2},"b":{},"_coverageSchema":"332fd63041d2c1bcb487cc26dd0d5f7d97098a6c","hash":"f27c52ed91cc2ab6d9fb626e510edf713672fcc6"}
,"/Users/fsdevlondon/LeanJS/reactjs-fundamentals/src/actions/workshops.js": {"path":"/Users/fsdevlondon/LeanJS/reactjs-fundamentals/src/actions/workshops.js","statementMap":{"0":{"start":{"line":1,"column":33},"end":{"line":1,"column":52}},"1":{"start":{"line":3,"column":32},"end":{"line":6,"column":2}},"2":{"start":{"line":3,"column":46},"end":{"line":6,"column":1}}},"fnMap":{"0":{"name":"(anonymous_0)","decl":{"start":{"line":3,"column":32},"end":{"line":3,"column":33}},"loc":{"start":{"line":3,"column":46},"end":{"line":6,"column":1}},"line":3}},"branchMap":{},"s":{"0":3,"1":3,"2":2},"f":{"0":2},"b":{},"_coverageSchema":"332fd63041d2c1bcb487cc26dd0d5f7d97098a6c","hash":"f9c882b286a5224d5ab106b555eb44f943ff0ffd"}
,"/Users/fsdevlondon/LeanJS/reactjs-fundamentals/src/api/index.js": {"path":"/Users/fsdevlondon/LeanJS/reactjs-fundamentals/src/api/index.js","statementMap":{"0":{"start":{"line":4,"column":0},"end":{"line":4,"column":21}},"1":{"start":{"line":6,"column":24},"end":{"line":12,"column":1}},"2":{"start":{"line":7,"column":2},"end":{"line":11,"column":4}},"3":{"start":{"line":10,"column":4},"end":{"line":10,"column":26}},"4":{"start":{"line":14,"column":23},"end":{"line":20,"column":1}},"5":{"start":{"line":15,"column":2},"end":{"line":19,"column":4}},"6":{"start":{"line":18,"column":4},"end":{"line":18,"column":26}},"7":{"start":{"line":22,"column":28},"end":{"line":28,"column":1}},"8":{"start":{"line":23,"column":2},"end":{"line":27,"column":4}},"9":{"start":{"line":26,"column":4},"end":{"line":26,"column":26}},"10":{"start":{"line":30,"column":27},"end":{"line":36,"column":1}},"11":{"start":{"line":31,"column":2},"end":{"line":35,"column":4}},"12":{"start":{"line":34,"column":4},"end":{"line":34,"column":26}}},"fnMap":{"0":{"name":"(anonymous_0)","decl":{"start":{"line":6,"column":24},"end":{"line":6,"column":25}},"loc":{"start":{"line":7,"column":2},"end":{"line":11,"column":4}},"line":7},"1":{"name":"(anonymous_1)","decl":{"start":{"line":9,"column":10},"end":{"line":9,"column":11}},"loc":{"start":{"line":9,"column":24},"end":{"line":11,"column":3}},"line":9},"2":{"name":"(anonymous_2)","decl":{"start":{"line":14,"column":23},"end":{"line":14,"column":24}},"loc":{"start":{"line":15,"column":2},"end":{"line":19,"column":4}},"line":15},"3":{"name":"(anonymous_3)","decl":{"start":{"line":17,"column":10},"end":{"line":17,"column":11}},"loc":{"start":{"line":17,"column":24},"end":{"line":19,"column":3}},"line":17},"4":{"name":"(anonymous_4)","decl":{"start":{"line":22,"column":28},"end":{"line":22,"column":29}},"loc":{"start":{"line":23,"column":2},"end":{"line":27,"column":4}},"line":23},"5":{"name":"(anonymous_5)","decl":{"start":{"line":25,"column":10},"end":{"line":25,"column":11}},"loc":{"start":{"line":25,"column":24},"end":{"line":27,"column":3}},"line":25},"6":{"name":"(anonymous_6)","decl":{"start":{"line":30,"column":27},"end":{"line":30,"column":28}},"loc":{"start":{"line":31,"column":2},"end":{"line":35,"column":4}},"line":31},"7":{"name":"(anonymous_7)","decl":{"start":{"line":33,"column":10},"end":{"line":33,"column":11}},"loc":{"start":{"line":33,"column":24},"end":{"line":35,"column":3}},"line":33}},"branchMap":{},"s":{"0":2,"1":2,"2":1,"3":1,"4":2,"5":6,"6":6,"7":2,"8":1,"9":1,"10":2,"11":1,"12":1},"f":{"0":1,"1":1,"2":6,"3":6,"4":1,"5":1,"6":1,"7":1},"b":{},"_coverageSchema":"332fd63041d2c1bcb487cc26dd0d5f7d97098a6c","hash":"5cd05f63a231c93f5ed2f799c6e64d09d5558784"}
,"/Users/fsdevlondon/LeanJS/reactjs-fundamentals/src/components/AppNavDrawer.js": {"path":"/Users/fsdevlondon/LeanJS/reactjs-fundamentals/src/components/AppNavDrawer.js","statementMap":{"0":{"start":{"line":7,"column":4},"end":{"line":7,"column":35}},"1":{"start":{"line":8,"column":4},"end":{"line":8,"column":26}},"2":{"start":{"line":12,"column":4},"end":{"line":24,"column":5}},"3":{"start":{"line":28,"column":0},"end":{"line":30,"column":1}},"4":{"start":{"line":32,"column":0},"end":{"line":35,"column":1}}},"fnMap":{"0":{"name":"(anonymous_0)","decl":{"start":{"line":6,"column":2},"end":{"line":6,"column":3}},"loc":{"start":{"line":6,"column":25},"end":{"line":9,"column":3}},"line":6},"1":{"name":"(anonymous_1)","decl":{"start":{"line":11,"column":2},"end":{"line":11,"column":3}},"loc":{"start":{"line":11,"column":11},"end":{"line":25,"column":3}},"line":11}},"branchMap":{},"s":{"0":1,"1":1,"2":1,"3":1,"4":1},"f":{"0":1,"1":1},"b":{},"_coverageSchema":"332fd63041d2c1bcb487cc26dd0d5f7d97098a6c","hash":"f119e9678c74aa13134adba79cf089b3634c3b7c"}
,"/Users/fsdevlondon/LeanJS/reactjs-fundamentals/src/components/Home.js": {"path":"/Users/fsdevlondon/LeanJS/reactjs-fundamentals/src/components/Home.js","statementMap":{"0":{"start":{"line":3,"column":13},"end":{"line":7,"column":1}},"1":{"start":{"line":4,"column":2},"end":{"line":6,"column":8}}},"fnMap":{"0":{"name":"(anonymous_0)","decl":{"start":{"line":3,"column":13},"end":{"line":3,"column":14}},"loc":{"start":{"line":4,"column":2},"end":{"line":6,"column":8}},"line":4}},"branchMap":{},"s":{"0":1,"1":1},"f":{"0":1},"b":{},"_coverageSchema":"332fd63041d2c1bcb487cc26dd0d5f7d97098a6c","hash":"32c022cbbae007318e8a5a3c615ada5b133bf1b6"}
,"/Users/fsdevlondon/LeanJS/reactjs-fundamentals/src/components/user/UserList.js": {"path":"/Users/fsdevlondon/LeanJS/reactjs-fundamentals/src/components/user/UserList.js","statementMap":{"0":{"start":{"line":9,"column":17},"end":{"line":37,"column":1}},"1":{"start":{"line":10,"column":18},"end":{"line":17,"column":4}},"2":{"start":{"line":11,"column":4},"end":{"line":16,"column":6}},"3":{"start":{"line":19,"column":19},"end":{"line":19,"column":60}},"4":{"start":{"line":20,"column":23},"end":{"line":20,"column":67}},"5":{"start":{"line":24,"column":2},"end":{"line":30,"column":3}},"6":{"start":{"line":25,"column":4},"end":{"line":25,"column":29}},"7":{"start":{"line":26,"column":4},"end":{"line":26,"column":21}},"8":{"start":{"line":28,"column":4},"end":{"line":28,"column":25}},"9":{"start":{"line":29,"column":4},"end":{"line":29,"column":29}},"10":{"start":{"line":31,"column":2},"end":{"line":36,"column":3}},"11":{"start":{"line":39,"column":0},"end":{"line":43,"column":1}}},"fnMap":{"0":{"name":"(anonymous_0)","decl":{"start":{"line":9,"column":17},"end":{"line":9,"column":18}},"loc":{"start":{"line":9,"column":28},"end":{"line":37,"column":1}},"line":9},"1":{"name":"(anonymous_1)","decl":{"start":{"line":10,"column":34},"end":{"line":10,"column":35}},"loc":{"start":{"line":11,"column":4},"end":{"line":16,"column":6}},"line":11}},"branchMap":{"0":{"loc":{"start":{"line":24,"column":2},"end":{"line":30,"column":3}},"type":"if","locations":[{"start":{"line":24,"column":2},"end":{"line":30,"column":3}},{"start":{"line":24,"column":2},"end":{"line":30,"column":3}}],"line":24},"1":{"loc":{"start":{"line":24,"column":6},"end":{"line":24,"column":45}},"type":"binary-expr","locations":[{"start":{"line":24,"column":6},"end":{"line":24,"column":20}},{"start":{"line":24,"column":24},"end":{"line":24,"column":45}}],"line":24}},"s":{"0":1,"1":1,"2":1,"3":1,"4":1,"5":1,"6":0,"7":0,"8":1,"9":1,"10":1,"11":1},"f":{"0":1,"1":1},"b":{"0":[0,1],"1":[1,0]},"_coverageSchema":"332fd63041d2c1bcb487cc26dd0d5f7d97098a6c","hash":"129cd20eda2dc57385f359b01169f6307cc74d62"}
,"/Users/fsdevlondon/LeanJS/reactjs-fundamentals/src/components/user/UserProfile.js": {"path":"/Users/fsdevlondon/LeanJS/reactjs-fundamentals/src/components/user/UserProfile.js","statementMap":{"0":{"start":{"line":7,"column":20},"end":{"line":38,"column":1}},"1":{"start":{"line":8,"column":13},"end":{"line":8,"column":23}},"2":{"start":{"line":9,"column":17},"end":{"line":9,"column":31}},"3":{"start":{"line":10,"column":2},"end":{"line":12,"column":3}},"4":{"start":{"line":11,"column":4},"end":{"line":11,"column":28}},"5":{"start":{"line":13,"column":17},"end":{"line":13,"column":19}},"6":{"start":{"line":14,"column":14},"end":{"line":14,"column":16}},"7":{"start":{"line":15,"column":15},"end":{"line":15,"column":17}},"8":{"start":{"line":17,"column":2},"end":{"line":21,"column":3}},"9":{"start":{"line":18,"column":4},"end":{"line":18,"column":72}},"10":{"start":{"line":19,"column":4},"end":{"line":19,"column":22}},"11":{"start":{"line":20,"column":4},"end":{"line":20,"column":24}},"12":{"start":{"line":23,"column":2},"end":{"line":37,"column":3}},"13":{"start":{"line":40,"column":0},"end":{"line":43,"column":1}}},"fnMap":{"0":{"name":"(anonymous_0)","decl":{"start":{"line":7,"column":20},"end":{"line":7,"column":21}},"loc":{"start":{"line":7,"column":31},"end":{"line":38,"column":1}},"line":7}},"branchMap":{"0":{"loc":{"start":{"line":10,"column":2},"end":{"line":12,"column":3}},"type":"if","locations":[{"start":{"line":10,"column":2},"end":{"line":12,"column":3}},{"start":{"line":10,"column":2},"end":{"line":12,"column":3}}],"line":10},"1":{"loc":{"start":{"line":10,"column":6},"end":{"line":10,"column":39}},"type":"binary-expr","locations":[{"start":{"line":10,"column":6},"end":{"line":10,"column":10}},{"start":{"line":10,"column":14},"end":{"line":10,"column":39}}],"line":10},"2":{"loc":{"start":{"line":17,"column":2},"end":{"line":21,"column":3}},"type":"if","locations":[{"start":{"line":17,"column":2},"end":{"line":21,"column":3}},{"start":{"line":17,"column":2},"end":{"line":21,"column":3}}],"line":17}},"s":{"0":2,"1":10,"2":10,"3":10,"4":0,"5":10,"6":10,"7":10,"8":10,"9":0,"10":0,"11":0,"12":10,"13":2},"f":{"0":10},"b":{"0":[0,10],"1":[10,0],"2":[0,10]},"_coverageSchema":"332fd63041d2c1bcb487cc26dd0d5f7d97098a6c","hash":"47b50f33aff055506d8346b594cc126c6f15ec58"}
,"/Users/fsdevlondon/LeanJS/reactjs-fundamentals/src/components/workshop/WorkshopInfo.js": {"path":"/Users/fsdevlondon/LeanJS/reactjs-fundamentals/src/components/workshop/WorkshopInfo.js","statementMap":{"0":{"start":{"line":7,"column":21},"end":{"line":41,"column":1}},"1":{"start":{"line":8,"column":17},"end":{"line":8,"column":31}},"2":{"start":{"line":9,"column":19},"end":{"line":9,"column":35}},"3":{"start":{"line":10,"column":20},"end":{"line":10,"column":22}},"4":{"start":{"line":11,"column":14},"end":{"line":11,"column":16}},"5":{"start":{"line":12,"column":15},"end":{"line":12,"column":17}},"6":{"start":{"line":14,"column":2},"end":{"line":16,"column":3}},"7":{"start":{"line":15,"column":4},"end":{"line":15,"column":35}},"8":{"start":{"line":18,"column":2},"end":{"line":29,"column":3}},"9":{"start":{"line":19,"column":4},"end":{"line":26,"column":6}},"10":{"start":{"line":20,"column":6},"end":{"line":25,"column":8}},"11":{"start":{"line":27,"column":4},"end":{"line":27,"column":53}},"12":{"start":{"line":28,"column":4},"end":{"line":28,"column":61}},"13":{"start":{"line":31,"column":2},"end":{"line":40,"column":3}},"14":{"start":{"line":43,"column":0},"end":{"line":46,"column":1}}},"fnMap":{"0":{"name":"(anonymous_0)","decl":{"start":{"line":7,"column":21},"end":{"line":7,"column":22}},"loc":{"start":{"line":7,"column":32},"end":{"line":41,"column":1}},"line":7},"1":{"name":"(anonymous_1)","decl":{"start":{"line":19,"column":43},"end":{"line":19,"column":44}},"loc":{"start":{"line":20,"column":6},"end":{"line":25,"column":8}},"line":20}},"branchMap":{"0":{"loc":{"start":{"line":14,"column":2},"end":{"line":16,"column":3}},"type":"if","locations":[{"start":{"line":14,"column":2},"end":{"line":16,"column":3}},{"start":{"line":14,"column":2},"end":{"line":16,"column":3}}],"line":14},"1":{"loc":{"start":{"line":14,"column":6},"end":{"line":14,"column":43}},"type":"binary-expr","locations":[{"start":{"line":14,"column":6},"end":{"line":14,"column":14}},{"start":{"line":14,"column":18},"end":{"line":14,"column":43}}],"line":14},"2":{"loc":{"start":{"line":18,"column":2},"end":{"line":29,"column":3}},"type":"if","locations":[{"start":{"line":18,"column":2},"end":{"line":29,"column":3}},{"start":{"line":18,"column":2},"end":{"line":29,"column":3}}],"line":18}},"s":{"0":1,"1":1,"2":1,"3":1,"4":1,"5":1,"6":1,"7":0,"8":1,"9":0,"10":0,"11":0,"12":0,"13":1,"14":1},"f":{"0":1,"1":0},"b":{"0":[0,1],"1":[1,0],"2":[0,1]},"_coverageSchema":"332fd63041d2c1bcb487cc26dd0d5f7d97098a6c","hash":"d30ce869bde09186649614b2775f7b6e8343f1e6"}
,"/Users/fsdevlondon/LeanJS/reactjs-fundamentals/src/components/workshop/WorkshopList.js": {"path":"/Users/fsdevlondon/LeanJS/reactjs-fundamentals/src/components/workshop/WorkshopList.js","statementMap":{"0":{"start":{"line":8,"column":21},"end":{"line":40,"column":1}},"1":{"start":{"line":9,"column":18},"end":{"line":20,"column":4}},"2":{"start":{"line":10,"column":4},"end":{"line":19,"column":6}},"3":{"start":{"line":16,"column":60},"end":{"line":16,"column":106}},"4":{"start":{"line":22,"column":19},"end":{"line":22,"column":60}},"5":{"start":{"line":23,"column":23},"end":{"line":23,"column":67}},"6":{"start":{"line":27,"column":2},"end":{"line":33,"column":3}},"7":{"start":{"line":28,"column":4},"end":{"line":28,"column":29}},"8":{"start":{"line":29,"column":4},"end":{"line":29,"column":21}},"9":{"start":{"line":31,"column":4},"end":{"line":31,"column":25}},"10":{"start":{"line":32,"column":4},"end":{"line":32,"column":29}},"11":{"start":{"line":34,"column":2},"end":{"line":39,"column":3}},"12":{"start":{"line":42,"column":0},"end":{"line":46,"column":1}}},"fnMap":{"0":{"name":"(anonymous_0)","decl":{"start":{"line":8,"column":21},"end":{"line":8,"column":22}},"loc":{"start":{"line":8,"column":32},"end":{"line":40,"column":1}},"line":8},"1":{"name":"(anonymous_1)","decl":{"start":{"line":9,"column":38},"end":{"line":9,"column":39}},"loc":{"start":{"line":10,"column":4},"end":{"line":19,"column":6}},"line":10},"2":{"name":"(anonymous_2)","decl":{"start":{"line":16,"column":36},"end":{"line":16,"column":37}},"loc":{"start":{"line":16,"column":60},"end":{"line":16,"column":106}},"line":16}},"branchMap":{"0":{"loc":{"start":{"line":27,"column":2},"end":{"line":33,"column":3}},"type":"if","locations":[{"start":{"line":27,"column":2},"end":{"line":33,"column":3}},{"start":{"line":27,"column":2},"end":{"line":33,"column":3}}],"line":27},"1":{"loc":{"start":{"line":27,"column":6},"end":{"line":27,"column":45}},"type":"binary-expr","locations":[{"start":{"line":27,"column":6},"end":{"line":27,"column":20}},{"start":{"line":27,"column":24},"end":{"line":27,"column":45}}],"line":27}},"s":{"0":1,"1":1,"2":1,"3":1,"4":1,"5":1,"6":1,"7":0,"8":0,"9":1,"10":1,"11":1,"12":1},"f":{"0":1,"1":1,"2":1},"b":{"0":[0,1],"1":[1,0]},"_coverageSchema":"332fd63041d2c1bcb487cc26dd0d5f7d97098a6c","hash":"1aff4aadce0d91f22696a30280e942995ab94529"}
,"/Users/fsdevlondon/LeanJS/reactjs-fundamentals/src/containers/user/UserProfileContainer.js": {"path":"/Users/fsdevlondon/LeanJS/reactjs-fundamentals/src/containers/user/UserProfileContainer.js","statementMap":{"0":{"start":{"line":10,"column":4},"end":{"line":10,"column":11}},"1":{"start":{"line":14,"column":4},"end":{"line":14,"column":46}},"2":{"start":{"line":18,"column":4},"end":{"line":25,"column":8}},"3":{"start":{"line":21,"column":8},"end":{"line":21,"column":54}},"4":{"start":{"line":24,"column":8},"end":{"line":24,"column":24}},"5":{"start":{"line":29,"column":4},"end":{"line":35,"column":5}},"6":{"start":{"line":39,"column":0},"end":{"line":41,"column":1}},"7":{"start":{"line":43,"column":24},"end":{"line":45,"column":2}},"8":{"start":{"line":43,"column":36},"end":{"line":45,"column":1}},"9":{"start":{"line":47,"column":27},"end":{"line":49,"column":2}},"10":{"start":{"line":47,"column":42},"end":{"line":49,"column":1}}},"fnMap":{"0":{"name":"(anonymous_0)","decl":{"start":{"line":9,"column":2},"end":{"line":9,"column":3}},"loc":{"start":{"line":9,"column":16},"end":{"line":11,"column":3}},"line":9},"1":{"name":"(anonymous_1)","decl":{"start":{"line":13,"column":2},"end":{"line":13,"column":3}},"loc":{"start":{"line":13,"column":22},"end":{"line":15,"column":3}},"line":13},"2":{"name":"(anonymous_2)","decl":{"start":{"line":17,"column":2},"end":{"line":17,"column":3}},"loc":{"start":{"line":17,"column":22},"end":{"line":26,"column":3}},"line":17},"3":{"name":"(anonymous_3)","decl":{"start":{"line":20,"column":12},"end":{"line":20,"column":13}},"loc":{"start":{"line":20,"column":22},"end":{"line":22,"column":7}},"line":20},"4":{"name":"(anonymous_4)","decl":{"start":{"line":23,"column":13},"end":{"line":23,"column":14}},"loc":{"start":{"line":23,"column":21},"end":{"line":25,"column":7}},"line":23},"5":{"name":"(anonymous_5)","decl":{"start":{"line":28,"column":2},"end":{"line":28,"column":3}},"loc":{"start":{"line":28,"column":11},"end":{"line":36,"column":3}},"line":28},"6":{"name":"(anonymous_6)","decl":{"start":{"line":43,"column":24},"end":{"line":43,"column":25}},"loc":{"start":{"line":43,"column":36},"end":{"line":45,"column":1}},"line":43},"7":{"name":"(anonymous_7)","decl":{"start":{"line":47,"column":27},"end":{"line":47,"column":28}},"loc":{"start":{"line":47,"column":42},"end":{"line":49,"column":1}},"line":47}},"branchMap":{},"s":{"0":6,"1":5,"2":5,"3":5,"4":0,"5":9,"6":1,"7":1,"8":9,"9":1,"10":6},"f":{"0":6,"1":5,"2":5,"3":5,"4":0,"5":9,"6":9,"7":6},"b":{},"_coverageSchema":"332fd63041d2c1bcb487cc26dd0d5f7d97098a6c","hash":"f981ec8f7a751dec2a250fe3df174a6d88baf888"}
,"/Users/fsdevlondon/LeanJS/reactjs-fundamentals/src/reducers/index.js": {"path":"/Users/fsdevlondon/LeanJS/reactjs-fundamentals/src/reducers/index.js","statementMap":{"0":{"start":{"line":7,"column":17},"end":{"line":12,"column":2}}},"fnMap":{},"branchMap":{},"s":{"0":1},"f":{},"b":{},"_coverageSchema":"332fd63041d2c1bcb487cc26dd0d5f7d97098a6c","hash":"757b6b949b4c19bb7c546abe0bd24c2804e5886b"}
,"/Users/fsdevlondon/LeanJS/reactjs-fundamentals/src/reducers/user.js": {"path":"/Users/fsdevlondon/LeanJS/reactjs-fundamentals/src/reducers/user.js","statementMap":{"0":{"start":{"line":3,"column":13},"end":{"line":11,"column":1}},"1":{"start":{"line":4,"column":2},"end":{"line":10,"column":3}},"2":{"start":{"line":6,"column":6},"end":{"line":6,"column":24}},"3":{"start":{"line":9,"column":6},"end":{"line":9,"column":18}}},"fnMap":{"0":{"name":"(anonymous_0)","decl":{"start":{"line":3,"column":13},"end":{"line":3,"column":14}},"loc":{"start":{"line":3,"column":39},"end":{"line":11,"column":1}},"line":3}},"branchMap":{"0":{"loc":{"start":{"line":3,"column":14},"end":{"line":3,"column":26}},"type":"default-arg","locations":[{"start":{"line":3,"column":22},"end":{"line":3,"column":26}}],"line":3},"1":{"loc":{"start":{"line":4,"column":2},"end":{"line":10,"column":3}},"type":"switch","locations":[{"start":{"line":5,"column":4},"end":{"line":7,"column":5}},{"start":{"line":8,"column":4},"end":{"line":9,"column":18}}],"line":4}},"s":{"0":2,"1":13,"2":5,"3":8},"f":{"0":13},"b":{"0":[6],"1":[5,8]},"_coverageSchema":"332fd63041d2c1bcb487cc26dd0d5f7d97098a6c","hash":"8b962f3201540388e69b5bd5134fdeb44fc5201b"}
,"/Users/fsdevlondon/LeanJS/reactjs-fundamentals/src/reducers/users.js": {"path":"/Users/fsdevlondon/LeanJS/reactjs-fundamentals/src/reducers/users.js","statementMap":{"0":{"start":{"line":3,"column":14},"end":{"line":11,"column":1}},"1":{"start":{"line":4,"column":2},"end":{"line":10,"column":3}},"2":{"start":{"line":6,"column":6},"end":{"line":6,"column":40}},"3":{"start":{"line":9,"column":6},"end":{"line":9,"column":18}}},"fnMap":{"0":{"name":"(anonymous_0)","decl":{"start":{"line":3,"column":14},"end":{"line":3,"column":15}},"loc":{"start":{"line":3,"column":38},"end":{"line":11,"column":1}},"line":3}},"branchMap":{"0":{"loc":{"start":{"line":3,"column":15},"end":{"line":3,"column":25}},"type":"default-arg","locations":[{"start":{"line":3,"column":23},"end":{"line":3,"column":25}}],"line":3},"1":{"loc":{"start":{"line":4,"column":2},"end":{"line":10,"column":3}},"type":"switch","locations":[{"start":{"line":5,"column":4},"end":{"line":7,"column":5}},{"start":{"line":8,"column":4},"end":{"line":9,"column":18}}],"line":4}},"s":{"0":2,"1":13,"2":2,"3":11},"f":{"0":13},"b":{"0":[6],"1":[2,11]},"_coverageSchema":"332fd63041d2c1bcb487cc26dd0d5f7d97098a6c","hash":"cea1b4358ddeae4b4212547340be4bd2da0d73c2"}
,"/Users/fsdevlondon/LeanJS/reactjs-fundamentals/src/reducers/workshop.js": {"path":"/Users/fsdevlondon/LeanJS/reactjs-fundamentals/src/reducers/workshop.js","statementMap":{"0":{"start":{"line":3,"column":17},"end":{"line":11,"column":1}},"1":{"start":{"line":4,"column":2},"end":{"line":10,"column":3}},"2":{"start":{"line":6,"column":6},"end":{"line":6,"column":28}},"3":{"start":{"line":9,"column":6},"end":{"line":9,"column":18}}},"fnMap":{"0":{"name":"(anonymous_0)","decl":{"start":{"line":3,"column":17},"end":{"line":3,"column":18}},"loc":{"start":{"line":3,"column":43},"end":{"line":11,"column":1}},"line":3}},"branchMap":{"0":{"loc":{"start":{"line":3,"column":18},"end":{"line":3,"column":30}},"type":"default-arg","locations":[{"start":{"line":3,"column":26},"end":{"line":3,"column":30}}],"line":3},"1":{"loc":{"start":{"line":4,"column":2},"end":{"line":10,"column":3}},"type":"switch","locations":[{"start":{"line":5,"column":4},"end":{"line":7,"column":5}},{"start":{"line":8,"column":4},"end":{"line":9,"column":18}}],"line":4}},"s":{"0":2,"1":13,"2":2,"3":11},"f":{"0":13},"b":{"0":[6],"1":[2,11]},"_coverageSchema":"332fd63041d2c1bcb487cc26dd0d5f7d97098a6c","hash":"21323012031e7cc1d867fe21362b3526181851ee"}
,"/Users/fsdevlondon/LeanJS/reactjs-fundamentals/src/reducers/workshops.js": {"path":"/Users/fsdevlondon/LeanJS/reactjs-fundamentals/src/reducers/workshops.js","statementMap":{"0":{"start":{"line":3,"column":18},"end":{"line":11,"column":1}},"1":{"start":{"line":4,"column":2},"end":{"line":10,"column":3}},"2":{"start":{"line":6,"column":6},"end":{"line":6,"column":44}},"3":{"start":{"line":9,"column":6},"end":{"line":9,"column":18}}},"fnMap":{"0":{"name":"(anonymous_0)","decl":{"start":{"line":3,"column":18},"end":{"line":3,"column":19}},"loc":{"start":{"line":3,"column":42},"end":{"line":11,"column":1}},"line":3}},"branchMap":{"0":{"loc":{"start":{"line":3,"column":19},"end":{"line":3,"column":29}},"type":"default-arg","locations":[{"start":{"line":3,"column":27},"end":{"line":3,"column":29}}],"line":3},"1":{"loc":{"start":{"line":4,"column":2},"end":{"line":10,"column":3}},"type":"switch","locations":[{"start":{"line":5,"column":4},"end":{"line":7,"column":5}},{"start":{"line":8,"column":4},"end":{"line":9,"column":18}}],"line":4}},"s":{"0":2,"1":13,"2":2,"3":11},"f":{"0":13},"b":{"0":[6],"1":[2,11]},"_coverageSchema":"332fd63041d2c1bcb487cc26dd0d5f7d97098a6c","hash":"fe7217958501f28061127f11814279333fa9806e"}
,"/Users/fsdevlondon/LeanJS/reactjs-fundamentals/src/store/index.js": {"path":"/Users/fsdevlondon/LeanJS/reactjs-fundamentals/src/store/index.js","statementMap":{"0":{"start":{"line":4,"column":23},"end":{"line":8,"column":1}},"1":{"start":{"line":5,"column":2},"end":{"line":7,"column":3}}},"fnMap":{"0":{"name":"(anonymous_0)","decl":{"start":{"line":4,"column":23},"end":{"line":4,"column":24}},"loc":{"start":{"line":4,"column":29},"end":{"line":8,"column":1}},"line":4}},"branchMap":{},"s":{"0":1,"1":2},"f":{"0":2},"b":{},"_coverageSchema":"332fd63041d2c1bcb487cc26dd0d5f7d97098a6c","hash":"290701d5547f18afbb9b9bb6293547d8baecfc26"}
,"/Users/fsdevlondon/LeanJS/reactjs-fundamentals/src/testUtils/index.js": {"path":"/Users/fsdevlondon/LeanJS/reactjs-fundamentals/src/testUtils/index.js","statementMap":{"0":{"start":{"line":1,"column":25},"end":{"line":12,"column":1}},"1":{"start":{"line":2,"column":2},"end":{"line":2,"column":26}},"2":{"start":{"line":4,"column":2},"end":{"line":11,"column":3}},"3":{"start":{"line":5,"column":16},"end":{"line":10,"column":6}},"4":{"start":{"line":6,"column":19},"end":{"line":9,"column":7}},"5":{"start":{"line":14,"column":31},"end":{"line":19,"column":2}},"6":{"start":{"line":14,"column":58},"end":{"line":19,"column":2}},"7":{"start":{"line":14,"column":70},"end":{"line":19,"column":1}},"8":{"start":{"line":18,"column":19},"end":{"line":18,"column":31}}},"fnMap":{"0":{"name":"(anonymous_0)","decl":{"start":{"line":1,"column":25},"end":{"line":1,"column":26}},"loc":{"start":{"line":1,"column":35},"end":{"line":12,"column":1}},"line":1},"1":{"name":"(anonymous_1)","decl":{"start":{"line":5,"column":4},"end":{"line":5,"column":5}},"loc":{"start":{"line":5,"column":16},"end":{"line":10,"column":6}},"line":5},"2":{"name":"(anonymous_2)","decl":{"start":{"line":6,"column":12},"end":{"line":6,"column":13}},"loc":{"start":{"line":6,"column":19},"end":{"line":9,"column":7}},"line":6},"3":{"name":"(anonymous_3)","decl":{"start":{"line":14,"column":31},"end":{"line":14,"column":32}},"loc":{"start":{"line":14,"column":58},"end":{"line":19,"column":2}},"line":14},"4":{"name":"(anonymous_4)","decl":{"start":{"line":14,"column":47},"end":{"line":14,"column":48}},"loc":{"start":{"line":14,"column":51},"end":{"line":14,"column":53}},"line":14},"5":{"name":"(anonymous_5)","decl":{"start":{"line":14,"column":58},"end":{"line":14,"column":59}},"loc":{"start":{"line":14,"column":70},"end":{"line":19,"column":1}},"line":14},"6":{"name":"(anonymous_6)","decl":{"start":{"line":15,"column":11},"end":{"line":15,"column":12}},"loc":{"start":{"line":15,"column":17},"end":{"line":15,"column":19}},"line":15},"7":{"name":"(anonymous_7)","decl":{"start":{"line":16,"column":13},"end":{"line":16,"column":14}},"loc":{"start":{"line":16,"column":19},"end":{"line":16,"column":21}},"line":16},"8":{"name":"(anonymous_8)","decl":{"start":{"line":18,"column":12},"end":{"line":18,"column":13}},"loc":{"start":{"line":18,"column":19},"end":{"line":18,"column":31}},"line":18}},"branchMap":{"0":{"loc":{"start":{"line":14,"column":32},"end":{"line":14,"column":53}},"type":"default-arg","locations":[{"start":{"line":14,"column":47},"end":{"line":14,"column":53}}],"line":14}},"s":{"0":2,"1":6,"2":6,"3":9,"4":9,"5":2,"6":0,"7":0,"8":0},"f":{"0":6,"1":9,"2":9,"3":0,"4":0,"5":0,"6":0,"7":0,"8":0},"b":{"0":[0]},"_coverageSchema":"332fd63041d2c1bcb487cc26dd0d5f7d97098a6c","hash":"e95a5a2ba45152716585ab2ffa3c410d17f9bbf9"}
,"/Users/fsdevlondon/LeanJS/reactjs-fundamentals/src/utils/WithRouter.js": {"path":"/Users/fsdevlondon/LeanJS/reactjs-fundamentals/src/utils/WithRouter.js","statementMap":{"0":{"start":{"line":3,"column":19},"end":{"line":13,"column":1}},"1":{"start":{"line":4,"column":21},"end":{"line":6,"column":3}},"2":{"start":{"line":5,"column":4},"end":{"line":5,"column":54}},"3":{"start":{"line":8,"column":2},"end":{"line":10,"column":3}},"4":{"start":{"line":12,"column":2},"end":{"line":12,"column":19}}},"fnMap":{"0":{"name":"(anonymous_0)","decl":{"start":{"line":3,"column":19},"end":{"line":3,"column":20}},"loc":{"start":{"line":3,"column":36},"end":{"line":13,"column":1}},"line":3},"1":{"name":"(anonymous_1)","decl":{"start":{"line":4,"column":21},"end":{"line":4,"column":22}},"loc":{"start":{"line":5,"column":4},"end":{"line":5,"column":54}},"line":5}},"branchMap":{},"s":{"0":1,"1":1,"2":2,"3":1,"4":1},"f":{"0":1,"1":2},"b":{},"_coverageSchema":"332fd63041d2c1bcb487cc26dd0d5f7d97098a6c","hash":"f21ab932d603230ca299973ceab7f263117e8702"}
,"/Users/fsdevlondon/LeanJS/reactjs-fundamentals/src/utils/WithWidth.js": {"path":"/Users/fsdevlondon/LeanJS/reactjs-fundamentals/src/utils/WithWidth.js","statementMap":{"0":{"start":{"line":3,"column":21},"end":{"line":3,"column":22}},"1":{"start":{"line":4,"column":22},"end":{"line":4,"column":23}},"2":{"start":{"line":5,"column":21},"end":{"line":5,"column":22}},"3":{"start":{"line":8,"column":21},"end":{"line":8,"column":24}},"4":{"start":{"line":9,"column":22},"end":{"line":9,"column":25}},"5":{"start":{"line":10,"column":25},"end":{"line":10,"column":28}},"6":{"start":{"line":12,"column":2},"end":{"line":67,"column":3}},"7":{"start":{"line":15,"column":6},"end":{"line":15,"column":13}},"8":{"start":{"line":16,"column":6},"end":{"line":16,"column":48}},"9":{"start":{"line":17,"column":6},"end":{"line":17,"column":54}},"10":{"start":{"line":21,"column":6},"end":{"line":24,"column":7}},"11":{"start":{"line":22,"column":8},"end":{"line":22,"column":60}},"12":{"start":{"line":23,"column":8},"end":{"line":23,"column":27}},"13":{"start":{"line":28,"column":6},"end":{"line":30,"column":7}},"14":{"start":{"line":29,"column":8},"end":{"line":29,"column":63}},"15":{"start":{"line":34,"column":18},"end":{"line":34,"column":36}},"16":{"start":{"line":35,"column":6},"end":{"line":39,"column":7}},"17":{"start":{"line":36,"column":8},"end":{"line":38,"column":10}},"18":{"start":{"line":43,"column":23},"end":{"line":43,"column":24}},"19":{"start":{"line":45,"column":6},"end":{"line":47,"column":7}},"20":{"start":{"line":46,"column":8},"end":{"line":46,"column":38}},"21":{"start":{"line":48,"column":6},"end":{"line":54,"column":7}},"22":{"start":{"line":49,"column":8},"end":{"line":49,"column":21}},"23":{"start":{"line":50,"column":13},"end":{"line":54,"column":7}},"24":{"start":{"line":51,"column":8},"end":{"line":51,"column":22}},"25":{"start":{"line":53,"column":8},"end":{"line":53,"column":21}},"26":{"start":{"line":56,"column":6},"end":{"line":56,"column":18}},"27":{"start":{"line":60,"column":6},"end":{"line":65,"column":7}}},"fnMap":{"0":{"name":"withWidth","decl":{"start":{"line":7,"column":24},"end":{"line":7,"column":33}},"loc":{"start":{"line":7,"column":47},"end":{"line":68,"column":1}},"line":7},"1":{"name":"(anonymous_1)","decl":{"start":{"line":14,"column":4},"end":{"line":14,"column":5}},"loc":{"start":{"line":14,"column":18},"end":{"line":18,"column":5}},"line":14},"2":{"name":"(anonymous_2)","decl":{"start":{"line":20,"column":4},"end":{"line":20,"column":5}},"loc":{"start":{"line":20,"column":24},"end":{"line":25,"column":5}},"line":20},"3":{"name":"(anonymous_3)","decl":{"start":{"line":27,"column":4},"end":{"line":27,"column":5}},"loc":{"start":{"line":27,"column":27},"end":{"line":31,"column":5}},"line":27},"4":{"name":"(anonymous_4)","decl":{"start":{"line":33,"column":4},"end":{"line":33,"column":5}},"loc":{"start":{"line":33,"column":19},"end":{"line":40,"column":5}},"line":33},"5":{"name":"(anonymous_5)","decl":{"start":{"line":42,"column":4},"end":{"line":42,"column":5}},"loc":{"start":{"line":42,"column":18},"end":{"line":57,"column":5}},"line":42},"6":{"name":"(anonymous_6)","decl":{"start":{"line":59,"column":4},"end":{"line":59,"column":5}},"loc":{"start":{"line":59,"column":13},"end":{"line":66,"column":5}},"line":59}},"branchMap":{"0":{"loc":{"start":{"line":21,"column":6},"end":{"line":24,"column":7}},"type":"if","locations":[{"start":{"line":21,"column":6},"end":{"line":24,"column":7}},{"start":{"line":21,"column":6},"end":{"line":24,"column":7}}],"line":21},"1":{"loc":{"start":{"line":28,"column":6},"end":{"line":30,"column":7}},"type":"if","locations":[{"start":{"line":28,"column":6},"end":{"line":30,"column":7}},{"start":{"line":28,"column":6},"end":{"line":30,"column":7}}],"line":28},"2":{"loc":{"start":{"line":35,"column":6},"end":{"line":39,"column":7}},"type":"if","locations":[{"start":{"line":35,"column":6},"end":{"line":39,"column":7}},{"start":{"line":35,"column":6},"end":{"line":39,"column":7}}],"line":35},"3":{"loc":{"start":{"line":45,"column":6},"end":{"line":47,"column":7}},"type":"if","locations":[{"start":{"line":45,"column":6},"end":{"line":47,"column":7}},{"start":{"line":45,"column":6},"end":{"line":47,"column":7}}],"line":45},"4":{"loc":{"start":{"line":48,"column":6},"end":{"line":54,"column":7}},"type":"if","locations":[{"start":{"line":48,"column":6},"end":{"line":54,"column":7}},{"start":{"line":48,"column":6},"end":{"line":54,"column":7}}],"line":48},"5":{"loc":{"start":{"line":50,"column":13},"end":{"line":54,"column":7}},"type":"if","locations":[{"start":{"line":50,"column":13},"end":{"line":54,"column":7}},{"start":{"line":50,"column":13},"end":{"line":54,"column":7}}],"line":50}},"s":{"0":3,"1":3,"2":3,"3":1,"4":1,"5":1,"6":1,"7":4,"8":4,"9":4,"10":0,"11":0,"12":0,"13":0,"14":0,"15":0,"16":0,"17":0,"18":4,"19":4,"20":4,"21":4,"22":2,"23":2,"24":1,"25":1,"26":4,"27":4},"f":{"0":1,"1":4,"2":0,"3":0,"4":0,"5":4,"6":4},"b":{"0":[0,0],"1":[0,0],"2":[0,0],"3":[4,0],"4":[2,2],"5":[1,1]},"_coverageSchema":"332fd63041d2c1bcb487cc26dd0d5f7d97098a6c","hash":"758aff002417eae9b39aef42c5c166ad483e40e7"}
}
