TN:
SF:/Users/fsdevlondon/LeanJS/reactjs-fundamentals/src/actions/user.js
FN:4,(anonymous_0)
FNF:1
FNH:1
FNDA:9,(anonymous_0)
DA:1,3
DA:4,9
LF:2
LH:2
BRF:0
BRH:0
end_of_record
TN:
SF:/Users/fsdevlondon/LeanJS/reactjs-fundamentals/src/actions/users.js
FN:3,(anonymous_0)
FNF:1
FNH:1
FNDA:2,(anonymous_0)
DA:1,3
DA:3,3
LF:2
LH:2
BRF:0
BRH:0
end_of_record
TN:
SF:/Users/fsdevlondon/LeanJS/reactjs-fundamentals/src/actions/workshop.js
FN:4,(anonymous_0)
FNF:1
FNH:1
FNDA:2,(anonymous_0)
DA:1,3
DA:4,3
LF:2
LH:2
BRF:0
BRH:0
end_of_record
TN:
SF:/Users/fsdevlondon/LeanJS/reactjs-fundamentals/src/actions/workshops.js
FN:3,(anonymous_0)
FNF:1
FNH:1
FNDA:2,(anonymous_0)
DA:1,3
DA:3,3
LF:2
LH:2
BRF:0
BRH:0
end_of_record
TN:
SF:/Users/fsdevlondon/LeanJS/reactjs-fundamentals/src/api/index.js
FN:6,(anonymous_0)
FN:9,(anonymous_1)
FN:14,(anonymous_2)
FN:17,(anonymous_3)
FN:22,(anonymous_4)
FN:25,(anonymous_5)
FN:30,(anonymous_6)
FN:33,(anonymous_7)
FNF:8
FNH:8
FNDA:1,(anonymous_0)
FNDA:1,(anonymous_1)
FNDA:6,(anonymous_2)
FNDA:6,(anonymous_3)
FNDA:1,(anonymous_4)
FNDA:1,(anonymous_5)
FNDA:1,(anonymous_6)
FNDA:1,(anonymous_7)
DA:4,2
DA:6,2
DA:7,1
DA:10,1
DA:14,2
DA:15,6
DA:18,6
DA:22,2
DA:23,1
DA:26,1
DA:30,2
DA:31,1
DA:34,1
LF:13
LH:13
BRF:0
BRH:0
end_of_record
TN:
SF:/Users/fsdevlondon/LeanJS/reactjs-fundamentals/src/components/AppNavDrawer.js
FN:6,(anonymous_0)
FN:11,(anonymous_1)
FNF:2
FNH:2
FNDA:1,(anonymous_0)
FNDA:1,(anonymous_1)
DA:7,1
DA:8,1
DA:12,1
DA:28,1
DA:32,1
LF:5
LH:5
BRF:0
BRH:0
end_of_record
TN:
SF:/Users/fsdevlondon/LeanJS/reactjs-fundamentals/src/components/Home.js
FN:3,(anonymous_0)
FNF:1
FNH:1
FNDA:1,(anonymous_0)
DA:3,1
DA:4,1
LF:2
LH:2
BRF:0
BRH:0
end_of_record
TN:
SF:/Users/fsdevlondon/LeanJS/reactjs-fundamentals/src/components/user/UserList.js
FN:9,(anonymous_0)
FN:10,(anonymous_1)
FNF:2
FNH:2
FNDA:1,(anonymous_0)
FNDA:1,(anonymous_1)
DA:9,1
DA:10,1
DA:11,1
DA:19,1
DA:20,1
DA:24,1
DA:25,0
DA:26,0
DA:28,1
DA:29,1
DA:31,1
DA:39,1
LF:12
LH:10
BRDA:24,0,0,0
BRDA:24,0,1,1
BRDA:24,1,0,1
BRDA:24,1,1,0
BRF:4
BRH:2
end_of_record
TN:
SF:/Users/fsdevlondon/LeanJS/reactjs-fundamentals/src/components/user/UserProfile.js
FN:7,(anonymous_0)
FNF:1
FNH:1
FNDA:10,(anonymous_0)
DA:7,2
DA:8,10
DA:9,10
DA:10,10
DA:11,0
DA:13,10
DA:14,10
DA:15,10
DA:17,10
DA:18,0
DA:19,0
DA:20,0
DA:23,10
DA:40,2
LF:14
LH:10
BRDA:10,0,0,0
BRDA:10,0,1,10
BRDA:10,1,0,10
BRDA:10,1,1,0
BRDA:17,2,0,0
BRDA:17,2,1,10
BRF:6
BRH:3
end_of_record
TN:
SF:/Users/fsdevlondon/LeanJS/reactjs-fundamentals/src/components/workshop/WorkshopInfo.js
FN:7,(anonymous_0)
FN:19,(anonymous_1)
FNF:2
FNH:1
FNDA:1,(anonymous_0)
FNDA:0,(anonymous_1)
DA:7,1
DA:8,1
DA:9,1
DA:10,1
DA:11,1
DA:12,1
DA:14,1
DA:15,0
DA:18,1
DA:19,0
DA:20,0
DA:27,0
DA:28,0
DA:31,1
DA:43,1
LF:15
LH:10
BRDA:14,0,0,0
BRDA:14,0,1,1
BRDA:14,1,0,1
BRDA:14,1,1,0
BRDA:18,2,0,0
BRDA:18,2,1,1
BRF:6
BRH:3
end_of_record
TN:
SF:/Users/fsdevlondon/LeanJS/reactjs-fundamentals/src/components/workshop/WorkshopList.js
FN:8,(anonymous_0)
FN:9,(anonymous_1)
FN:16,(anonymous_2)
FNF:3
FNH:3
FNDA:1,(anonymous_0)
FNDA:1,(anonymous_1)
FNDA:1,(anonymous_2)
DA:8,1
DA:9,1
DA:10,1
DA:16,1
DA:22,1
DA:23,1
DA:27,1
DA:28,0
DA:29,0
DA:31,1
DA:32,1
DA:34,1
DA:42,1
LF:13
LH:11
BRDA:27,0,0,0
BRDA:27,0,1,1
BRDA:27,1,0,1
BRDA:27,1,1,0
BRF:4
BRH:2
end_of_record
TN:
SF:/Users/fsdevlondon/LeanJS/reactjs-fundamentals/src/containers/user/UserProfileContainer.js
FN:9,(anonymous_0)
FN:13,(anonymous_1)
FN:17,(anonymous_2)
FN:20,(anonymous_3)
FN:23,(anonymous_4)
FN:28,(anonymous_5)
FN:43,(anonymous_6)
FN:47,(anonymous_7)
FNF:8
FNH:7
FNDA:6,(anonymous_0)
FNDA:5,(anonymous_1)
FNDA:5,(anonymous_2)
FNDA:5,(anonymous_3)
FNDA:0,(anonymous_4)
FNDA:9,(anonymous_5)
FNDA:9,(anonymous_6)
FNDA:6,(anonymous_7)
DA:10,6
DA:14,5
DA:18,5
DA:21,5
DA:24,0
DA:29,9
DA:39,1
DA:43,9
DA:47,6
LF:9
LH:8
BRF:0
BRH:0
end_of_record
TN:
SF:/Users/fsdevlondon/LeanJS/reactjs-fundamentals/src/reducers/index.js
FNF:0
FNH:0
DA:7,1
LF:1
LH:1
BRF:0
BRH:0
end_of_record
TN:
SF:/Users/fsdevlondon/LeanJS/reactjs-fundamentals/src/reducers/user.js
FN:3,(anonymous_0)
FNF:1
FNH:1
FNDA:13,(anonymous_0)
DA:3,2
DA:4,13
DA:6,5
DA:9,8
LF:4
LH:4
BRDA:3,0,0,6
BRDA:4,1,0,5
BRDA:4,1,1,8
BRF:3
BRH:3
end_of_record
TN:
SF:/Users/fsdevlondon/LeanJS/reactjs-fundamentals/src/reducers/users.js
FN:3,(anonymous_0)
FNF:1
FNH:1
FNDA:13,(anonymous_0)
DA:3,2
DA:4,13
DA:6,2
DA:9,11
LF:4
LH:4
BRDA:3,0,0,6
BRDA:4,1,0,2
BRDA:4,1,1,11
BRF:3
BRH:3
end_of_record
TN:
SF:/Users/fsdevlondon/LeanJS/reactjs-fundamentals/src/reducers/workshop.js
FN:3,(anonymous_0)
FNF:1
FNH:1
FNDA:13,(anonymous_0)
DA:3,2
DA:4,13
DA:6,2
DA:9,11
LF:4
LH:4
BRDA:3,0,0,6
BRDA:4,1,0,2
BRDA:4,1,1,11
BRF:3
BRH:3
end_of_record
TN:
SF:/Users/fsdevlondon/LeanJS/reactjs-fundamentals/src/reducers/workshops.js
FN:3,(anonymous_0)
FNF:1
FNH:1
FNDA:13,(anonymous_0)
DA:3,2
DA:4,13
DA:6,2
DA:9,11
LF:4
LH:4
BRDA:3,0,0,6
BRDA:4,1,0,2
BRDA:4,1,1,11
BRF:3
BRH:3
end_of_record
TN:
SF:/Users/fsdevlondon/LeanJS/reactjs-fundamentals/src/store/index.js
FN:4,(anonymous_0)
FNF:1
FNH:1
FNDA:2,(anonymous_0)
DA:4,1
DA:5,2
LF:2
LH:2
BRF:0
BRH:0
end_of_record
TN:
SF:/Users/fsdevlondon/LeanJS/reactjs-fundamentals/src/testUtils/index.js
FN:1,(anonymous_0)
FN:5,(anonymous_1)
FN:6,(anonymous_2)
FN:14,(anonymous_3)
FN:14,(anonymous_4)
FN:14,(anonymous_5)
FN:15,(anonymous_6)
FN:16,(anonymous_7)
FN:18,(anonymous_8)
FNF:9
FNH:3
FNDA:6,(anonymous_0)
FNDA:9,(anonymous_1)
FNDA:9,(anonymous_2)
FNDA:0,(anonymous_3)
FNDA:0,(anonymous_4)
FNDA:0,(anonymous_5)
FNDA:0,(anonymous_6)
FNDA:0,(anonymous_7)
FNDA:0,(anonymous_8)
DA:1,2
DA:2,6
DA:4,6
DA:5,9
DA:6,9
DA:14,2
DA:18,0
LF:7
LH:6
BRDA:14,0,0,0
BRF:1
BRH:0
end_of_record
TN:
SF:/Users/fsdevlondon/LeanJS/reactjs-fundamentals/src/utils/WithRouter.js
FN:3,(anonymous_0)
FN:4,(anonymous_1)
FNF:2
FNH:2
FNDA:1,(anonymous_0)
FNDA:2,(anonymous_1)
DA:3,1
DA:4,1
DA:5,2
DA:8,1
DA:12,1
LF:5
LH:5
BRF:0
BRH:0
end_of_record
TN:
SF:/Users/fsdevlondon/LeanJS/reactjs-fundamentals/src/utils/WithWidth.js
FN:7,withWidth
FN:14,(anonymous_1)
FN:20,(anonymous_2)
FN:27,(anonymous_3)
FN:33,(anonymous_4)
FN:42,(anonymous_5)
FN:59,(anonymous_6)
FNF:7
FNH:4
FNDA:1,withWidth
FNDA:4,(anonymous_1)
FNDA:0,(anonymous_2)
FNDA:0,(anonymous_3)
FNDA:0,(anonymous_4)
FNDA:4,(anonymous_5)
FNDA:4,(anonymous_6)
DA:3,3
DA:4,3
DA:5,3
DA:8,1
DA:9,1
DA:10,1
DA:12,1
DA:15,4
DA:16,4
DA:17,4
DA:21,0
DA:22,0
DA:23,0
DA:28,0
DA:29,0
DA:34,0
DA:35,0
DA:36,0
DA:43,4
DA:45,4
DA:46,4
DA:48,4
DA:49,2
DA:50,2
DA:51,1
DA:53,1
DA:56,4
DA:60,4
LF:28
LH:20
BRDA:21,0,0,0
BRDA:21,0,1,0
BRDA:28,1,0,0
BRDA:28,1,1,0
BRDA:35,2,0,0
BRDA:35,2,1,0
BRDA:45,3,0,4
BRDA:45,3,1,0
BRDA:48,4,0,2
BRDA:48,4,1,2
BRDA:50,5,0,1
BRDA:50,5,1,1
BRF:12
BRH:5
end_of_record
